2023.07.02 18:17:00 INFO  Started: Metals version 0.11.12 in workspace '/home/arnold/myspace/dev/data-engineering/akka' for client Visual Studio Code 1.79.2.[0m
Jul 02, 2023 6:17:01 PM org.flywaydb.core.internal.license.VersionPrinter printVersionOnly
INFO: Flyway Community Edition 9.16.3 by Redgate
Jul 02, 2023 6:17:01 PM org.flywaydb.core.internal.license.VersionPrinter printVersion
INFO: See release notes here: https://rd.gt/416ObMi
Jul 02, 2023 6:17:01 PM org.flywaydb.core.internal.license.VersionPrinter printVersion
INFO: 
Jul 02, 2023 6:17:01 PM org.flywaydb.core.internal.database.base.BaseDatabaseType createDatabase
INFO: Database: jdbc:h2:file:/home/arnold/myspace/dev/data-engineering/akka/.metals/metals (H2 2.1)
Jul 02, 2023 6:17:01 PM org.flywaydb.core.internal.schemahistory.JdbcTableSchemaHistory allAppliedMigrations
INFO: Schema history table "PUBLIC"."flyway_schema_history" does not exist yet
Jul 02, 2023 6:17:01 PM org.flywaydb.core.internal.command.DbValidate validate
INFO: Successfully validated 4 migrations (execution time 00:00.063s)
Jul 02, 2023 6:17:01 PM org.flywaydb.core.internal.schemahistory.JdbcTableSchemaHistory create
INFO: Creating Schema History table "PUBLIC"."flyway_schema_history" ...
Jul 02, 2023 6:17:02 PM org.flywaydb.core.internal.command.DbMigrate migrateGroup
INFO: Current version of schema "PUBLIC": << Empty Schema >>
Jul 02, 2023 6:17:02 PM org.flywaydb.core.internal.command.DbMigrate doMigrateGroup
INFO: Migrating schema "PUBLIC" to version "1 - Create tables"
Jul 02, 2023 6:17:02 PM org.flywaydb.core.internal.command.DbMigrate doMigrateGroup
INFO: Migrating schema "PUBLIC" to version "2 - Server discovery"
Jul 02, 2023 6:17:02 PM org.flywaydb.core.internal.command.DbMigrate doMigrateGroup
INFO: Migrating schema "PUBLIC" to version "3 - Jar symbols"
Jul 02, 2023 6:17:02 PM org.flywaydb.core.internal.command.DbMigrate doMigrateGroup
INFO: Migrating schema "PUBLIC" to version "4 - Fingerprints"
Jul 02, 2023 6:17:02 PM org.flywaydb.core.internal.command.DbMigrate logSummary
INFO: Successfully applied 4 migrations to schema "PUBLIC", now at version v4 (execution time 00:00.160s)
2023.07.02 18:17:02 INFO  time: initialize in 1.39s[0m
2023.07.02 18:17:06 WARN  Build server is not auto-connectable.[0m
2023.07.02 18:17:06 WARN  no build tool detected in workspace '/home/arnold/myspace/dev/data-engineering/akka'. The most common cause for this problem is that the editor was opened in the wrong working directory, for example if you use sbt then the workspace directory should contain build.sbt. [0m
2023.07.02 18:18:03 ERROR [0m
2023.07.02 18:18:03 ERROR Cannot invoke "java.io.Console.readLine(String, Object[])" because the return value of "java.lang.System.console()" is null[0m
2023.07.02 18:18:03 ERROR [0m
2023.07.02 18:18:03 INFO  time: ran 'giter8.Giter8' in 15s[0m
2023.07.02 18:18:58 WARN  no build target for: /home/arnold/myspace/dev/data-engineering/akka/build.sbt[0m
2023.07.02 18:19:07 INFO  no build target found for /home/arnold/myspace/dev/data-engineering/akka/build.sbt. Using presentation compiler with project's scala-library version: 3.2.2[0m
Jul 02, 2023 6:19:13 PM org.eclipse.lsp4j.jsonrpc.RemoteEndpoint handleNotification
WARNING: Notification threw an exception: {
  "jsonrpc": "2.0",
  "method": "workspace/didChangeWatchedFiles",
  "params": {
    "changes": [
      {
        "uri": "file:///home/arnold/myspace/dev/data-engineering/akka/build.sbt",
        "type": 3
      }
    ]
  }
}
java.lang.RuntimeException: java.lang.reflect.InvocationTargetException
	at org.eclipse.lsp4j.jsonrpc.services.GenericEndpoint.lambda$null$0(GenericEndpoint.java:67)
	at org.eclipse.lsp4j.jsonrpc.services.GenericEndpoint.notify(GenericEndpoint.java:152)
	at org.eclipse.lsp4j.jsonrpc.RemoteEndpoint.handleNotification(RemoteEndpoint.java:220)
	at org.eclipse.lsp4j.jsonrpc.RemoteEndpoint.consume(RemoteEndpoint.java:187)
	at org.eclipse.lsp4j.jsonrpc.json.StreamMessageProducer.handleMessage(StreamMessageProducer.java:194)
	at org.eclipse.lsp4j.jsonrpc.json.StreamMessageProducer.listen(StreamMessageProducer.java:94)
	at org.eclipse.lsp4j.jsonrpc.json.ConcurrentMessageProcessor.run(ConcurrentMessageProcessor.java:113)
	at java.base/java.util.concurrent.Executors$RunnableAdapter.call(Executors.java:539)
	at java.base/java.util.concurrent.FutureTask.run(FutureTask.java:264)
	at java.base/java.util.concurrent.ThreadPoolExecutor.runWorker(ThreadPoolExecutor.java:1136)
	at java.base/java.util.concurrent.ThreadPoolExecutor$Worker.run(ThreadPoolExecutor.java:635)
	at java.base/java.lang.Thread.run(Thread.java:833)
Caused by: java.lang.reflect.InvocationTargetException
	at java.base/jdk.internal.reflect.NativeMethodAccessorImpl.invoke0(Native Method)
	at java.base/jdk.internal.reflect.NativeMethodAccessorImpl.invoke(NativeMethodAccessorImpl.java:77)
	at java.base/jdk.internal.reflect.DelegatingMethodAccessorImpl.invoke(DelegatingMethodAccessorImpl.java:43)
	at java.base/java.lang.reflect.Method.invoke(Method.java:568)
	at org.eclipse.lsp4j.jsonrpc.services.GenericEndpoint.lambda$null$0(GenericEndpoint.java:65)
	... 11 more
Caused by: java.nio.file.NoSuchFileException: /home/arnold/myspace/dev/data-engineering/akka/build.sbt
	at java.base/sun.nio.fs.UnixException.translateToIOException(UnixException.java:92)
	at java.base/sun.nio.fs.UnixException.rethrowAsIOException(UnixException.java:106)
	at java.base/sun.nio.fs.UnixException.rethrowAsIOException(UnixException.java:111)
	at java.base/sun.nio.fs.UnixFileSystemProvider.newByteChannel(UnixFileSystemProvider.java:219)
	at java.base/java.nio.file.Files.newByteChannel(Files.java:380)
	at java.base/java.nio.file.Files.newByteChannel(Files.java:432)
	at java.base/java.nio.file.Files.readAllBytes(Files.java:3288)
	at scala.meta.internal.io.PlatformFileIO$.slurp(PlatformFileIO.scala:45)
	at scala.meta.internal.io.FileIO$.slurp(FileIO.scala:24)
	at scala.meta.internal.metals.MetalsLspService.$anonfun$onChange$1(MetalsLspService.scala:1495)
	at scala.meta.internal.metals.MetalsLspService.$anonfun$onChange$1$adapted(MetalsLspService.scala:1494)
	at scala.collection.immutable.List.foreach(List.scala:333)
	at scala.meta.internal.metals.MetalsLspService.onChange(MetalsLspService.scala:1494)
	at scala.meta.internal.metals.MetalsLspService.didChangeWatchedFiles(MetalsLspService.scala:1425)
	at scala.meta.metals.lsp.DelegatingScalaService.didChangeWatchedFiles(DelegatingScalaService.scala:65)
	... 16 more

2023.07.02 18:20:38 INFO  [0m
2023.07.02 18:20:38 INFO  Template applied in /home/arnold/myspace/dev/data-engineering/akka/./akka-scala-seed[0m
2023.07.02 18:20:38 INFO  [0m
2023.07.02 18:20:38 INFO  time: ran 'giter8.Giter8' in 25s[0m
2023.07.02 18:20:46 INFO  Shutting down server[0m
2023.07.02 18:20:46 INFO  shutting down Metals[0m
2023.07.02 18:20:46 INFO  Exiting server[0m
